

Started GET "/movies" for 127.0.0.1 at 2015-04-08 14:50:41 -0300
Connecting to database specified by database.yml
Processing by MoviesController#index as HTML
  [1m[36mMovie Load (0.3ms)[0m  [1mSELECT "movies".* FROM "movies" WHERE "movies"."rating" IN ('G', 'PG', 'PG-13', 'NC-17', 'R')[0m
  Rendered movies/index.html.haml within layouts/application (52.9ms)
Compiled application.css  (0ms)  (pid 22855)
Compiled jquery.js  (1ms)  (pid 22855)
Compiled jquery_ujs.js  (0ms)  (pid 22855)
Compiled application.js  (138ms)  (pid 22855)
Completed 200 OK in 651.8ms (Views: 520.6ms | ActiveRecord: 2.7ms)


Started GET "/assets/application.css?body=1" for 127.0.0.1 at 2015-04-08 14:50:48 -0300
Served asset /application.css - 200 OK (126ms)


Started GET "/assets/jquery.js?body=1" for 127.0.0.1 at 2015-04-08 14:50:48 -0300
Served asset /jquery.js - 200 OK (78ms)


Started GET "/assets/application.js?body=1" for 127.0.0.1 at 2015-04-08 14:50:49 -0300
Served asset /application.js - 304 Not Modified (547ms)


Started GET "/assets/jquery_ujs.js?body=1" for 127.0.0.1 at 2015-04-08 14:50:50 -0300
Served asset /jquery_ujs.js - 200 OK (1ms)


Started GET "/movies?utf8=%E2%9C%93&ratings%5BPG%5D=1&ratings%5BPG-13%5D=1&ratings%5BNC-17%5D=1&ratings%5BR%5D=1&commit=Refresh" for 127.0.0.1 at 2015-04-08 14:51:04 -0300
Processing by MoviesController#index as HTML
  Parameters: {"utf8"=>"✓", "ratings"=>{"PG"=>"1", "PG-13"=>"1", "NC-17"=>"1", "R"=>"1"}, "commit"=>"Refresh"}
Redirected to http://localhost:3000/movies?ratings%5BNC-17%5D=1&ratings%5BPG%5D=1&ratings%5BPG-13%5D=1&ratings%5BR%5D=1
Completed 302 Found in 1.6ms (ActiveRecord: 0.0ms)


Started GET "/movies?ratings%5BNC-17%5D=1&ratings%5BPG%5D=1&ratings%5BPG-13%5D=1&ratings%5BR%5D=1" for 127.0.0.1 at 2015-04-08 14:51:05 -0300
Processing by MoviesController#index as HTML
  Parameters: {"ratings"=>{"NC-17"=>"1", "PG"=>"1", "PG-13"=>"1", "R"=>"1"}}
  [1m[35mMovie Load (166.4ms)[0m  SELECT "movies".* FROM "movies" WHERE "movies"."rating" IN ('NC-17', 'PG', 'PG-13', 'R')
  Rendered movies/index.html.haml within layouts/application (118.4ms)
Completed 200 OK in 541.8ms (Views: 373.9ms | ActiveRecord: 166.4ms)


Started GET "/assets/application.js?body=1" for 127.0.0.1 at 2015-04-08 14:51:06 -0300
Served asset /application.js - 304 Not Modified (44ms)


Started GET "/movies?utf8=%E2%9C%93&ratings%5BG%5D=1&ratings%5BPG%5D=1&ratings%5BPG-13%5D=1&ratings%5BNC-17%5D=1&ratings%5BR%5D=1&commit=Refresh" for 127.0.0.1 at 2015-04-08 14:51:10 -0300
Processing by MoviesController#index as HTML
  Parameters: {"utf8"=>"✓", "ratings"=>{"G"=>"1", "PG"=>"1", "PG-13"=>"1", "NC-17"=>"1", "R"=>"1"}, "commit"=>"Refresh"}
Redirected to http://localhost:3000/movies?ratings%5BG%5D=1&ratings%5BNC-17%5D=1&ratings%5BPG%5D=1&ratings%5BPG-13%5D=1&ratings%5BR%5D=1
Completed 302 Found in 0.8ms (ActiveRecord: 0.0ms)


Started GET "/movies?ratings%5BG%5D=1&ratings%5BNC-17%5D=1&ratings%5BPG%5D=1&ratings%5BPG-13%5D=1&ratings%5BR%5D=1" for 127.0.0.1 at 2015-04-08 14:51:10 -0300
Processing by MoviesController#index as HTML
  Parameters: {"ratings"=>{"G"=>"1", "NC-17"=>"1", "PG"=>"1", "PG-13"=>"1", "R"=>"1"}}
  [1m[36mMovie Load (0.4ms)[0m  [1mSELECT "movies".* FROM "movies" WHERE "movies"."rating" IN ('G', 'NC-17', 'PG', 'PG-13', 'R')[0m
  Rendered movies/index.html.haml within layouts/application (10.2ms)
Completed 200 OK in 30.0ms (Views: 22.5ms | ActiveRecord: 0.4ms)


Started GET "/assets/application.js?body=1" for 127.0.0.1 at 2015-04-08 14:51:10 -0300
Served asset /application.js - 304 Not Modified (1ms)


Started GET "/movies?ratings%5BG%5D=1&ratings%5BNC-17%5D=1&ratings%5BPG%5D=1&ratings%5BPG-13%5D=1&ratings%5BR%5D=1" for 127.0.0.1 at 2015-04-08 14:56:58 -0300
Connecting to database specified by database.yml
Processing by MoviesController#index as HTML
  Parameters: {"ratings"=>{"G"=>"1", "NC-17"=>"1", "PG"=>"1", "PG-13"=>"1", "R"=>"1"}}
  [1m[36mMovie Load (0.8ms)[0m  [1mSELECT "movies".* FROM "movies" WHERE "movies"."rating" IN ('G', 'NC-17', 'PG', 'PG-13', 'R')[0m
  Rendered movies/index.html.haml within layouts/application (72.7ms)
Completed 200 OK in 518.6ms (Views: 334.4ms | ActiveRecord: 12.9ms)


Started GET "/assets/jquery.js?body=1" for 127.0.0.1 at 2015-04-08 14:57:00 -0300
Served asset /jquery.js - 304 Not Modified (29ms)


Started GET "/assets/application.js?body=1" for 127.0.0.1 at 2015-04-08 14:57:00 -0300
Served asset /application.js - 304 Not Modified (7ms)


Started GET "/assets/application.css?body=1" for 127.0.0.1 at 2015-04-08 14:57:00 -0300
Served asset /application.css - 304 Not Modified (1ms)


Started GET "/assets/jquery_ujs.js?body=1" for 127.0.0.1 at 2015-04-08 14:57:00 -0300
Served asset /jquery_ujs.js - 304 Not Modified (2ms)


Started GET "/movies?utf8=%E2%9C%93&ratings%5BG%5D=1&ratings%5BPG%5D=1&ratings%5BPG-13%5D=1&ratings%5BNC-17%5D=1&commit=Refresh" for 127.0.0.1 at 2015-04-08 14:57:05 -0300
Processing by MoviesController#index as HTML
  Parameters: {"utf8"=>"✓", "ratings"=>{"G"=>"1", "PG"=>"1", "PG-13"=>"1", "NC-17"=>"1"}, "commit"=>"Refresh"}
Redirected to http://localhost:3000/movies?ratings%5BG%5D=1&ratings%5BNC-17%5D=1&ratings%5BPG%5D=1&ratings%5BPG-13%5D=1
Completed 302 Found in 2.1ms (ActiveRecord: 0.0ms)


Started GET "/movies?ratings%5BG%5D=1&ratings%5BNC-17%5D=1&ratings%5BPG%5D=1&ratings%5BPG-13%5D=1" for 127.0.0.1 at 2015-04-08 14:57:05 -0300
Processing by MoviesController#index as HTML
  Parameters: {"ratings"=>{"G"=>"1", "NC-17"=>"1", "PG"=>"1", "PG-13"=>"1"}}
  [1m[35mMovie Load (0.4ms)[0m  SELECT "movies".* FROM "movies" WHERE "movies"."rating" IN ('G', 'NC-17', 'PG', 'PG-13')
  Rendered movies/index.html.haml within layouts/application (9.0ms)
Completed 200 OK in 23.5ms (Views: 20.0ms | ActiveRecord: 0.4ms)


Started GET "/assets/application.css?body=1" for 127.0.0.1 at 2015-04-08 14:57:05 -0300
Served asset /application.css - 304 Not Modified (0ms)


Started GET "/assets/jquery.js?body=1" for 127.0.0.1 at 2015-04-08 14:57:05 -0300
Served asset /jquery.js - 304 Not Modified (1ms)


Started GET "/assets/application.js?body=1" for 127.0.0.1 at 2015-04-08 14:57:06 -0300
Served asset /application.js - 304 Not Modified (1ms)


Started GET "/assets/jquery_ujs.js?body=1" for 127.0.0.1 at 2015-04-08 14:57:06 -0300
Served asset /jquery_ujs.js - 304 Not Modified (0ms)


Started GET "/movies?ratings%5BG%5D=1&ratings%5BNC-17%5D=1&ratings%5BPG%5D=1&ratings%5BPG-13%5D=1" for 127.0.0.1 at 2015-04-08 15:10:48 -0300
Connecting to database specified by database.yml
Processing by MoviesController#index as HTML
  Parameters: {"ratings"=>{"G"=>"1", "NC-17"=>"1", "PG"=>"1", "PG-13"=>"1"}}
  [1m[36mMovie Load (0.3ms)[0m  [1mSELECT "movies".* FROM "movies" WHERE "movies"."rating" IN ('G', 'NC-17', 'PG', 'PG-13')[0m
  Rendered movies/index.html.haml within layouts/application (98.5ms)
Completed 200 OK in 630.4ms (Views: 448.2ms | ActiveRecord: 6.7ms)


Started GET "/assets/application.css?body=1" for 127.0.0.1 at 2015-04-08 15:10:51 -0300
Served asset /application.css - 304 Not Modified (2ms)


Started GET "/assets/jquery.js?body=1" for 127.0.0.1 at 2015-04-08 15:10:51 -0300
Served asset /jquery.js - 304 Not Modified (28ms)


Started GET "/assets/jquery_ujs.js?body=1" for 127.0.0.1 at 2015-04-08 15:10:51 -0300
Served asset /jquery_ujs.js - 304 Not Modified (11ms)


Started GET "/assets/application.js?body=1" for 127.0.0.1 at 2015-04-08 15:10:51 -0300
Served asset /application.js - 304 Not Modified (15ms)


Started GET "/movies/new" for 127.0.0.1 at 2015-04-08 15:14:16 -0300
Processing by MoviesController#new as HTML
  Rendered movies/new.html.haml within layouts/application (164.2ms)
Completed 200 OK in 276.0ms (Views: 275.5ms | ActiveRecord: 0.0ms)


Started GET "/assets/application.css?body=1" for 127.0.0.1 at 2015-04-08 15:14:16 -0300
Served asset /application.css - 304 Not Modified (0ms)


Started GET "/assets/application.js?body=1" for 127.0.0.1 at 2015-04-08 15:14:16 -0300
Served asset /application.js - 304 Not Modified (0ms)


Started GET "/assets/jquery_ujs.js?body=1" for 127.0.0.1 at 2015-04-08 15:14:16 -0300
Served asset /jquery_ujs.js - 304 Not Modified (0ms)


Started GET "/assets/jquery.js?body=1" for 127.0.0.1 at 2015-04-08 15:14:16 -0300
Served asset /jquery.js - 304 Not Modified (7ms)


Started POST "/movies" for 127.0.0.1 at 2015-04-08 15:14:25 -0300
Processing by MoviesController#create as HTML
  Parameters: {"utf8"=>"✓", "authenticity_token"=>"OgmBVhpgHy1ahyLL+brF9rWkCxqSO6XltG8p9+4VUBw=", "movie"=>{"title"=>"qqqq", "rating"=>"G", "release_date(1i)"=>"2015", "release_date(2i)"=>"4", "release_date(3i)"=>"8"}, "commit"=>"Save Changes"}
  [1m[35m (0.1ms)[0m  begin transaction
  [1m[36mSQL (479.5ms)[0m  [1mINSERT INTO "movies" ("created_at", "description", "rating", "release_date", "title", "updated_at") VALUES (?, ?, ?, ?, ?, ?)[0m  [["created_at", Wed, 08 Apr 2015 18:14:25 UTC +00:00], ["description", nil], ["rating", "G"], ["release_date", Wed, 08 Apr 2015 00:00:00 UTC +00:00], ["title", "qqqq"], ["updated_at", Wed, 08 Apr 2015 18:14:25 UTC +00:00]]
  [1m[35m (33.0ms)[0m  commit transaction
Redirected to http://localhost:3000/movies
Completed 302 Found in 529.5ms (ActiveRecord: 512.6ms)


Started GET "/movies" for 127.0.0.1 at 2015-04-08 15:14:26 -0300
Processing by MoviesController#index as HTML
Redirected to http://localhost:3000/movies?ratings%5BG%5D=1&ratings%5BNC-17%5D=1&ratings%5BPG%5D=1&ratings%5BPG-13%5D=1
Completed 302 Found in 0.7ms (ActiveRecord: 0.0ms)


Started GET "/movies?ratings%5BG%5D=1&ratings%5BNC-17%5D=1&ratings%5BPG%5D=1&ratings%5BPG-13%5D=1" for 127.0.0.1 at 2015-04-08 15:14:26 -0300
Processing by MoviesController#index as HTML
  Parameters: {"ratings"=>{"G"=>"1", "NC-17"=>"1", "PG"=>"1", "PG-13"=>"1"}}
  [1m[36mMovie Load (0.3ms)[0m  [1mSELECT "movies".* FROM "movies" WHERE "movies"."rating" IN ('G', 'NC-17', 'PG', 'PG-13')[0m
  Rendered movies/index.html.haml within layouts/application (6.2ms)
Completed 200 OK in 35.3ms (Views: 33.7ms | ActiveRecord: 0.3ms)


Started GET "/assets/application.css?body=1" for 127.0.0.1 at 2015-04-08 15:14:26 -0300
Served asset /application.css - 304 Not Modified (0ms)


Started GET "/assets/jquery.js?body=1" for 127.0.0.1 at 2015-04-08 15:14:26 -0300
Served asset /jquery.js - 304 Not Modified (4ms)


Started GET "/assets/jquery_ujs.js?body=1" for 127.0.0.1 at 2015-04-08 15:14:26 -0300
Served asset /jquery_ujs.js - 304 Not Modified (0ms)


Started GET "/assets/application.js?body=1" for 127.0.0.1 at 2015-04-08 15:14:26 -0300
Served asset /application.js - 304 Not Modified (0ms)
Connecting to database specified by database.yml
  [1m[36m (82.1ms)[0m  [1mSELECT "schema_migrations"."version" FROM "schema_migrations" [0m
Migrating to CreateMovies (20111119180638)
  [1m[35m (0.1ms)[0m  select sqlite_version(*)
  [1m[36m (0.1ms)[0m  [1mSELECT "schema_migrations"."version" FROM "schema_migrations" [0m
Connecting to database specified by database.yml
  [1m[36m (1.3ms)[0m  [1mSELECT "schema_migrations"."version" FROM "schema_migrations" [0m
  [1m[35m (0.1ms)[0m  begin transaction
  [1m[36mSQL (28.9ms)[0m  [1mINSERT INTO "movies" ("created_at", "description", "rating", "release_date", "title", "updated_at") VALUES (?, ?, ?, ?, ?, ?)[0m  [["created_at", Wed, 08 Apr 2015 18:15:50 UTC +00:00], ["description", nil], ["rating", "G"], ["release_date", Wed, 25 Nov 1992 00:00:00 UTC +00:00], ["title", "Aladdin"], ["updated_at", Wed, 08 Apr 2015 18:15:50 UTC +00:00]]
  [1m[35m (53.4ms)[0m  commit transaction
  [1m[36m (0.1ms)[0m  [1mbegin transaction[0m
  [1m[35mSQL (0.3ms)[0m  INSERT INTO "movies" ("created_at", "description", "rating", "release_date", "title", "updated_at") VALUES (?, ?, ?, ?, ?, ?)  [["created_at", Wed, 08 Apr 2015 18:15:50 UTC +00:00], ["description", nil], ["rating", "R"], ["release_date", Fri, 26 Oct 1984 00:00:00 UTC +00:00], ["title", "The Terminator"], ["updated_at", Wed, 08 Apr 2015 18:15:50 UTC +00:00]]
  [1m[36m (6.4ms)[0m  [1mcommit transaction[0m
  [1m[35m (0.1ms)[0m  begin transaction
  [1m[36mSQL (0.3ms)[0m  [1mINSERT INTO "movies" ("created_at", "description", "rating", "release_date", "title", "updated_at") VALUES (?, ?, ?, ?, ?, ?)[0m  [["created_at", Wed, 08 Apr 2015 18:15:50 UTC +00:00], ["description", nil], ["rating", "R"], ["release_date", Fri, 21 Jul 1989 00:00:00 UTC +00:00], ["title", "When Harry Met Sally"], ["updated_at", Wed, 08 Apr 2015 18:15:50 UTC +00:00]]
  [1m[35m (4.7ms)[0m  commit transaction
  [1m[36m (0.1ms)[0m  [1mbegin transaction[0m
  [1m[35mSQL (0.3ms)[0m  INSERT INTO "movies" ("created_at", "description", "rating", "release_date", "title", "updated_at") VALUES (?, ?, ?, ?, ?, ?)  [["created_at", Wed, 08 Apr 2015 18:15:50 UTC +00:00], ["description", nil], ["rating", "PG-13"], ["release_date", Wed, 10 Aug 2011 00:00:00 UTC +00:00], ["title", "The Help"], ["updated_at", Wed, 08 Apr 2015 18:15:50 UTC +00:00]]
  [1m[36m (6.2ms)[0m  [1mcommit transaction[0m
  [1m[35m (0.1ms)[0m  begin transaction
  [1m[36mSQL (0.4ms)[0m  [1mINSERT INTO "movies" ("created_at", "description", "rating", "release_date", "title", "updated_at") VALUES (?, ?, ?, ?, ?, ?)[0m  [["created_at", Wed, 08 Apr 2015 18:15:50 UTC +00:00], ["description", nil], ["rating", "PG-13"], ["release_date", Fri, 05 Jan 2001 00:00:00 UTC +00:00], ["title", "Chocolat"], ["updated_at", Wed, 08 Apr 2015 18:15:50 UTC +00:00]]
  [1m[35m (8.2ms)[0m  commit transaction
  [1m[36m (0.1ms)[0m  [1mbegin transaction[0m
  [1m[35mSQL (0.3ms)[0m  INSERT INTO "movies" ("created_at", "description", "rating", "release_date", "title", "updated_at") VALUES (?, ?, ?, ?, ?, ?)  [["created_at", Wed, 08 Apr 2015 18:15:50 UTC +00:00], ["description", nil], ["rating", "R"], ["release_date", Wed, 25 Apr 2001 00:00:00 UTC +00:00], ["title", "Amelie"], ["updated_at", Wed, 08 Apr 2015 18:15:50 UTC +00:00]]
  [1m[36m (7.2ms)[0m  [1mcommit transaction[0m
  [1m[35m (0.1ms)[0m  begin transaction
  [1m[36mSQL (0.3ms)[0m  [1mINSERT INTO "movies" ("created_at", "description", "rating", "release_date", "title", "updated_at") VALUES (?, ?, ?, ?, ?, ?)[0m  [["created_at", Wed, 08 Apr 2015 18:15:50 UTC +00:00], ["description", nil], ["rating", "G"], ["release_date", Sat, 06 Apr 1968 00:00:00 UTC +00:00], ["title", "2001: A Space Odyssey"], ["updated_at", Wed, 08 Apr 2015 18:15:50 UTC +00:00]]
  [1m[35m (6.1ms)[0m  commit transaction
  [1m[36m (0.1ms)[0m  [1mbegin transaction[0m
  [1m[35mSQL (0.3ms)[0m  INSERT INTO "movies" ("created_at", "description", "rating", "release_date", "title", "updated_at") VALUES (?, ?, ?, ?, ?, ?)  [["created_at", Wed, 08 Apr 2015 18:15:50 UTC +00:00], ["description", nil], ["rating", "PG"], ["release_date", Fri, 05 Nov 2004 00:00:00 UTC +00:00], ["title", "The Incredibles"], ["updated_at", Wed, 08 Apr 2015 18:15:50 UTC +00:00]]
  [1m[36m (7.0ms)[0m  [1mcommit transaction[0m
  [1m[35m (0.1ms)[0m  begin transaction
  [1m[36mSQL (0.5ms)[0m  [1mINSERT INTO "movies" ("created_at", "description", "rating", "release_date", "title", "updated_at") VALUES (?, ?, ?, ?, ?, ?)[0m  [["created_at", Wed, 08 Apr 2015 18:15:50 UTC +00:00], ["description", nil], ["rating", "PG"], ["release_date", Fri, 12 Jun 1981 00:00:00 UTC +00:00], ["title", "Raiders of the Lost Ark"], ["updated_at", Wed, 08 Apr 2015 18:15:50 UTC +00:00]]
  [1m[35m (5.2ms)[0m  commit transaction
  [1m[36m (0.1ms)[0m  [1mbegin transaction[0m
  [1m[35mSQL (0.3ms)[0m  INSERT INTO "movies" ("created_at", "description", "rating", "release_date", "title", "updated_at") VALUES (?, ?, ?, ?, ?, ?)  [["created_at", Wed, 08 Apr 2015 18:15:50 UTC +00:00], ["description", nil], ["rating", "G"], ["release_date", Wed, 21 Jun 2000 00:00:00 UTC +00:00], ["title", "Chicken Run"], ["updated_at", Wed, 08 Apr 2015 18:15:50 UTC +00:00]]
  [1m[36m (6.8ms)[0m  [1mcommit transaction[0m


Started GET "/movies?utf8=%E2%9C%93&ratings%5BG%5D=1&ratings%5BPG%5D=1&ratings%5BPG-13%5D=1&ratings%5BNC-17%5D=1&ratings%5BR%5D=1&commit=Refresh" for 127.0.0.1 at 2015-04-08 15:37:37 -0300
Connecting to database specified by database.yml
Processing by MoviesController#index as HTML
  Parameters: {"utf8"=>"✓", "ratings"=>{"G"=>"1", "PG"=>"1", "PG-13"=>"1", "NC-17"=>"1", "R"=>"1"}, "commit"=>"Refresh"}
Redirected to http://localhost:3000/movies?ratings%5BG%5D=1&ratings%5BNC-17%5D=1&ratings%5BPG%5D=1&ratings%5BPG-13%5D=1&ratings%5BR%5D=1
Completed 302 Found in 2.2ms (ActiveRecord: 0.0ms)


Started GET "/movies?ratings%5BG%5D=1&ratings%5BNC-17%5D=1&ratings%5BPG%5D=1&ratings%5BPG-13%5D=1&ratings%5BR%5D=1" for 127.0.0.1 at 2015-04-08 15:37:40 -0300
Processing by MoviesController#index as HTML
  Parameters: {"ratings"=>{"G"=>"1", "NC-17"=>"1", "PG"=>"1", "PG-13"=>"1", "R"=>"1"}}
  [1m[36mMovie Load (1.1ms)[0m  [1mSELECT "movies".* FROM "movies" WHERE "movies"."rating" IN ('G', 'NC-17', 'PG', 'PG-13', 'R')[0m
  Rendered movies/index.html.haml within layouts/application (272.7ms)
Completed 200 OK in 2081.7ms (Views: 1529.3ms | ActiveRecord: 107.9ms)


Started GET "/assets/application.css?body=1" for 127.0.0.1 at 2015-04-08 15:37:43 -0300
Served asset /application.css - 304 Not Modified (3ms)


Started GET "/assets/jquery.js?body=1" for 127.0.0.1 at 2015-04-08 15:37:43 -0300
Served asset /jquery.js - 304 Not Modified (20ms)


Started GET "/assets/jquery_ujs.js?body=1" for 127.0.0.1 at 2015-04-08 15:37:43 -0300
Served asset /jquery_ujs.js - 304 Not Modified (8ms)


Started GET "/assets/application.js?body=1" for 127.0.0.1 at 2015-04-08 15:37:43 -0300
Served asset /application.js - 304 Not Modified (12ms)


Started GET "/movies?ratings%5BG%5D=1&ratings%5BNC-17%5D=1&ratings%5BPG%5D=1&ratings%5BPG-13%5D=1&ratings%5BR%5D=1" for 127.0.0.1 at 2015-04-08 15:49:02 -0300
Connecting to database specified by database.yml
Processing by MoviesController#index as HTML
  Parameters: {"ratings"=>{"G"=>"1", "NC-17"=>"1", "PG"=>"1", "PG-13"=>"1", "R"=>"1"}}
  [1m[36mMovie Load (37.0ms)[0m  [1mSELECT "movies".* FROM "movies" WHERE "movies"."rating" IN ('G', 'NC-17', 'PG', 'PG-13', 'R')[0m
  Rendered movies/index.html.haml within layouts/application (125.3ms)
Completed 200 OK in 493.0ms (Views: 364.0ms | ActiveRecord: 41.1ms)


Started GET "/assets/application.css?body=1" for 127.0.0.1 at 2015-04-08 15:49:04 -0300
Served asset /application.css - 304 Not Modified (1ms)


Started GET "/assets/jquery.js?body=1" for 127.0.0.1 at 2015-04-08 15:49:04 -0300
Served asset /jquery.js - 304 Not Modified (14ms)


Started GET "/assets/jquery_ujs.js?body=1" for 127.0.0.1 at 2015-04-08 15:49:04 -0300
Served asset /jquery_ujs.js - 304 Not Modified (26ms)


Started GET "/assets/application.js?body=1" for 127.0.0.1 at 2015-04-08 15:49:04 -0300
Served asset /application.js - 304 Not Modified (6ms)
